[01-May-2018 11:28:39 UTC] PHP Fatal error:  Uncaught Symfony\Component\Config\Definition\Exception\InvalidConfigurationException: Unrecognized option "template" under "knp_paginator.default_options" in C:\xampp\htdocs\www\sf\vendor\symfony\symfony\src\Symfony\Component\Config\Definition\ArrayNode.php:311
Stack trace:
#0 C:\xampp\htdocs\www\sf\vendor\symfony\symfony\src\Symfony\Component\Config\Definition\BaseNode.php(282): Symfony\Component\Config\Definition\ArrayNode->normalizeValue(Array)
#1 C:\xampp\htdocs\www\sf\vendor\symfony\symfony\src\Symfony\Component\Config\Definition\ArrayNode.php(301): Symfony\Component\Config\Definition\BaseNode->normalize(Array)
#2 C:\xampp\htdocs\www\sf\vendor\symfony\symfony\src\Symfony\Component\Config\Definition\BaseNode.php(282): Symfony\Component\Config\Definition\ArrayNode->normalizeValue(Array)
#3 C:\xampp\htdocs\www\sf\vendor\symfony\symfony\src\Symfony\Component\Config\Definition\Processor.php(33): Symfony\Component\Config\Definition\BaseNode->normalize(Array)
#4 C:\xampp\htdocs\www\sf\vendor\symfony\symfony\src in C:\xampp\htdocs\www\sf\vendor\symfony\symfony\src\Symfony\Component\Config\Definition\ArrayNode.php on line 311
[01-May-2018 11:30:12 UTC] PHP Fatal error:  Uncaught Symfony\Component\Config\Definition\Exception\InvalidConfigurationException: Unrecognized option "template" under "knp_paginator.default_options" in C:\xampp\htdocs\www\sf\vendor\symfony\symfony\src\Symfony\Component\Config\Definition\ArrayNode.php:311
Stack trace:
#0 C:\xampp\htdocs\www\sf\vendor\symfony\symfony\src\Symfony\Component\Config\Definition\BaseNode.php(282): Symfony\Component\Config\Definition\ArrayNode->normalizeValue(Array)
#1 C:\xampp\htdocs\www\sf\vendor\symfony\symfony\src\Symfony\Component\Config\Definition\ArrayNode.php(301): Symfony\Component\Config\Definition\BaseNode->normalize(Array)
#2 C:\xampp\htdocs\www\sf\vendor\symfony\symfony\src\Symfony\Component\Config\Definition\BaseNode.php(282): Symfony\Component\Config\Definition\ArrayNode->normalizeValue(Array)
#3 C:\xampp\htdocs\www\sf\vendor\symfony\symfony\src\Symfony\Component\Config\Definition\Processor.php(33): Symfony\Component\Config\Definition\BaseNode->normalize(Array)
#4 C:\xampp\htdocs\www\sf\vendor\symfony\symfony\src in C:\xampp\htdocs\www\sf\vendor\symfony\symfony\src\Symfony\Component\Config\Definition\ArrayNode.php on line 311
[01-May-2018 17:39:58 UTC] PHP Fatal error:  Out of memory (allocated 364904448) (tried to allocate 362811392 bytes) in C:\xampp\htdocs\www\sf\src\AppBundle\Controller\Backend\CourseController.php on line 167
[01-May-2018 17:40:12 UTC] PHP Fatal error:  Out of memory (allocated 387973120) (tried to allocate 362811392 bytes) in C:\xampp\htdocs\www\sf\src\AppBundle\Controller\Backend\CourseController.php on line 167
[19-May-2018 06:42:01 UTC] PHP Fatal error:  Uncaught Error: Class 'FOS\CKEditorBundle\FOSCKEditorBundle' not found in C:\xampp\htdocs\www\sf\app\AppKernel.php:12
Stack trace:
#0 C:\xampp\htdocs\www\sf\vendor\symfony\symfony\src\Symfony\Component\HttpKernel\Kernel.php(494): AppKernel->registerBundles()
#1 C:\xampp\htdocs\www\sf\vendor\symfony\symfony\src\Symfony\Component\HttpKernel\Kernel.php(134): Symfony\Component\HttpKernel\Kernel->initializeBundles()
#2 C:\xampp\htdocs\www\wp\wp-content\plugins\ekino-wordpress-symfony-master\core.php(25): Symfony\Component\HttpKernel\Kernel->boot()
#3 C:\xampp\htdocs\www\wp\wp-content\plugins\ekino-wordpress-symfony-master\ekino-wordpress-symfony.php(14): symfony_boot()
#4 C:\xampp\htdocs\www\wp\wp-settings.php(305): include_once('C:\\xampp\\htdocs...')
#5 C:\xampp\htdocs\www\wp\wp-config.php(100): require_once('C:\\xampp\\htdocs...')
#6 C:\xampp\htdocs\www\wp\wp-load.php(37): require_once('C:\\xampp\\htdocs...')
#7 C:\xampp\htdocs\www\wp\index.php(27): require_once('C:\\xampp\\htdocs...')
#8 {main}
  thrown in C:\xampp\htdocs\www\sf\app\AppKernel.php on line 12
[19-May-2018 07:44:15 UTC] PHP Fatal error:  Cannot declare class AppBundle\Entity\CourseOption, because the name is already in use in C:\xampp\htdocs\www\sf\src\AppBundle\Entity\CourseOptionAsset.php on line 14
[19-May-2018 07:44:15 UTC] PHP Fatal error:  Cannot declare class AppBundle\Entity\CourseOption, because the name is already in use in C:\xampp\htdocs\www\sf\src\AppBundle\Entity\CourseOptionAsset.php on line 14
[19-May-2018 07:44:25 UTC] PHP Fatal error:  Cannot declare class AppBundle\Entity\CourseOption, because the name is already in use in C:\xampp\htdocs\www\sf\src\AppBundle\Entity\CourseOptionAsset.php on line 14
[19-May-2018 07:44:25 UTC] PHP Fatal error:  Cannot declare class AppBundle\Entity\CourseOption, because the name is already in use in C:\xampp\htdocs\www\sf\src\AppBundle\Entity\CourseOptionAsset.php on line 14
[19-May-2018 07:44:27 UTC] PHP Fatal error:  Cannot declare class AppBundle\Entity\CourseOption, because the name is already in use in C:\xampp\htdocs\www\sf\src\AppBundle\Entity\CourseOptionAsset.php on line 14
[19-May-2018 07:44:27 UTC] PHP Fatal error:  Cannot declare class AppBundle\Entity\CourseOption, because the name is already in use in C:\xampp\htdocs\www\sf\src\AppBundle\Entity\CourseOptionAsset.php on line 14
[24-May-2018 15:25:30 UTC] PHP Fatal error:  Declaration of AppBundle\AzureApi\OAuth1::request($method, $url, $options = Array) must be compatible with Risan\OAuth1\OAuth1Interface::request($method, $uri, array $options = Array) in C:\xampp\htdocs\www\sf\src\AppBundle\AzureApi\OAuth1.php on line 16
[24-May-2018 15:25:40 UTC] PHP Fatal error:  Declaration of AppBundle\AzureApi\OAuth1::request($method, $url, $options = Array) must be compatible with Risan\OAuth1\OAuth1Interface::request($method, $uri, array $options = Array) in C:\xampp\htdocs\www\sf\src\AppBundle\AzureApi\OAuth1.php on line 16
[24-May-2018 15:27:14 UTC] PHP Fatal error:  Declaration of AppBundle\AzureApi\OAuth1::request($method, $url, $options = Array) must be compatible with Risan\OAuth1\OAuth1Interface::request($method, $uri, array $options = Array) in C:\xampp\htdocs\www\sf\src\AppBundle\AzureApi\OAuth1.php on line 16
[24-May-2018 15:27:15 UTC] PHP Fatal error:  Declaration of AppBundle\AzureApi\OAuth1::request($method, $url, $options = Array) must be compatible with Risan\OAuth1\OAuth1Interface::request($method, $uri, array $options = Array) in C:\xampp\htdocs\www\sf\src\AppBundle\AzureApi\OAuth1.php on line 16
[24-May-2018 15:27:17 UTC] PHP Fatal error:  Declaration of AppBundle\AzureApi\OAuth1::request($method, $url, $options = Array) must be compatible with Risan\OAuth1\OAuth1Interface::request($method, $uri, array $options = Array) in C:\xampp\htdocs\www\sf\src\AppBundle\AzureApi\OAuth1.php on line 16
[24-May-2018 15:27:19 UTC] PHP Fatal error:  Declaration of AppBundle\AzureApi\OAuth1::request($method, $url, $options = Array) must be compatible with Risan\OAuth1\OAuth1Interface::request($method, $uri, array $options = Array) in C:\xampp\htdocs\www\sf\src\AppBundle\AzureApi\OAuth1.php on line 16
[24-May-2018 15:27:25 UTC] PHP Fatal error:  Declaration of AppBundle\AzureApi\OAuth1::request($method, $url, $options = Array) must be compatible with Risan\OAuth1\OAuth1Interface::request($method, $uri, array $options = Array) in C:\xampp\htdocs\www\sf\src\AppBundle\AzureApi\OAuth1.php on line 16
[24-May-2018 15:27:34 UTC] PHP Fatal error:  Declaration of AppBundle\AzureApi\OAuth1::request($method, $url, $options = Array) must be compatible with Risan\OAuth1\OAuth1Interface::request($method, $uri, array $options = Array) in C:\xampp\htdocs\www\sf\src\AppBundle\AzureApi\OAuth1.php on line 16
[24-May-2018 15:28:51 UTC] PHP Fatal error:  Declaration of AppBundle\AzureApi\OAuth1::request($method, $url, $options = Array) must be compatible with Risan\OAuth1\OAuth1Interface::request($method, $uri, array $options = Array) in C:\xampp\htdocs\www\sf\src\AppBundle\AzureApi\OAuth1.php on line 16
[24-May-2018 15:29:49 UTC] PHP Fatal error:  Declaration of AppBundle\AzureApi\OAuth1::request($method, $url, $options = Array) must be compatible with Risan\OAuth1\OAuth1Interface::request($method, $uri, array $options = Array) in C:\xampp\htdocs\www\sf\src\AppBundle\AzureApi\OAuth1.php on line 16
[24-May-2018 15:31:34 UTC] PHP Fatal error:  Declaration of AppBundle\AzureApi\OAuth1::request($method, $url, $options = Array) must be compatible with Risan\OAuth1\OAuth1Interface::request($method, $uri, array $options = Array) in C:\xampp\htdocs\www\sf\src\AppBundle\AzureApi\OAuth1.php on line 16
[24-May-2018 15:31:39 UTC] PHP Fatal error:  Declaration of AppBundle\AzureApi\OAuth1::request($method, $url, $options = Array) must be compatible with Risan\OAuth1\OAuth1Interface::request($method, $uri, array $options = Array) in C:\xampp\htdocs\www\sf\src\AppBundle\AzureApi\OAuth1.php on line 16
[24-May-2018 15:31:39 UTC] PHP Fatal error:  Declaration of AppBundle\AzureApi\OAuth1::request($method, $url, $options = Array) must be compatible with Risan\OAuth1\OAuth1Interface::request($method, $uri, array $options = Array) in C:\xampp\htdocs\www\sf\src\AppBundle\AzureApi\OAuth1.php on line 16
[24-May-2018 15:31:39 UTC] PHP Fatal error:  Declaration of AppBundle\AzureApi\OAuth1::request($method, $url, $options = Array) must be compatible with Risan\OAuth1\OAuth1Interface::request($method, $uri, array $options = Array) in C:\xampp\htdocs\www\sf\src\AppBundle\AzureApi\OAuth1.php on line 16
[24-May-2018 15:31:39 UTC] PHP Fatal error:  Declaration of AppBundle\AzureApi\OAuth1::request($method, $url, $options = Array) must be compatible with Risan\OAuth1\OAuth1Interface::request($method, $uri, array $options = Array) in C:\xampp\htdocs\www\sf\src\AppBundle\AzureApi\OAuth1.php on line 16
[24-May-2018 15:31:40 UTC] PHP Fatal error:  Declaration of AppBundle\AzureApi\OAuth1::request($method, $url, $options = Array) must be compatible with Risan\OAuth1\OAuth1Interface::request($method, $uri, array $options = Array) in C:\xampp\htdocs\www\sf\src\AppBundle\AzureApi\OAuth1.php on line 16
[24-May-2018 15:32:24 UTC] PHP Warning:  mysqli_real_connect(): (HY000/2002): No connection could be made because the target machine actively refused it.
 in C:\xampp\htdocs\www\wp\wp-includes\wp-db.php on line 1538
[24-May-2018 15:33:07 UTC] PHP Fatal error:  Declaration of AppBundle\AzureApi\OAuth1::request($method, $url, $options = Array) must be compatible with Risan\OAuth1\OAuth1Interface::request($method, $uri, array $options = Array) in C:\xampp\htdocs\www\sf\src\AppBundle\AzureApi\OAuth1.php on line 16
[24-May-2018 15:33:18 UTC] PHP Fatal error:  Declaration of AppBundle\AzureApi\OAuth1::request($method, $url, $options = Array) must be compatible with Risan\OAuth1\OAuth1Interface::request($method, $uri, array $options = Array) in C:\xampp\htdocs\www\sf\src\AppBundle\AzureApi\OAuth1.php on line 16
[24-May-2018 15:35:24 UTC] PHP Fatal error:  Declaration of AppBundle\AzureApi\OAuth1::request($method, $url, $options = Array) must be compatible with Risan\OAuth1\OAuth1Interface::request($method, $uri, array $options = Array) in C:\xampp\htdocs\www\sf\src\AppBundle\AzureApi\OAuth1.php on line 16
[24-May-2018 15:35:25 UTC] PHP Fatal error:  Declaration of AppBundle\AzureApi\OAuth1::request($method, $url, $options = Array) must be compatible with Risan\OAuth1\OAuth1Interface::request($method, $uri, array $options = Array) in C:\xampp\htdocs\www\sf\src\AppBundle\AzureApi\OAuth1.php on line 16
[24-May-2018 15:35:33 UTC] PHP Fatal error:  Declaration of AppBundle\AzureApi\OAuth1::request($method, $url, $options = Array) must be compatible with Risan\OAuth1\OAuth1Interface::request($method, $uri, array $options = Array) in C:\xampp\htdocs\www\sf\src\AppBundle\AzureApi\OAuth1.php on line 16
[30-May-2018 15:39:58 UTC] PHP Fatal error:  Maximum execution time of 30 seconds exceeded in C:\xampp\htdocs\www\wp\wp-includes\Requests\Transport\cURL.php on line 441
[04-Jun-2018 15:50:33 UTC] PHP Fatal error:  Uncaught Symfony\Component\DependencyInjection\Exception\RuntimeException: The definition "azure.oauth2.factory.access_token" has a reference to an abstract definition "cache.adapter.doctrine". Abstract definitions cannot be the target of references. in C:\xampp\htdocs\www\sf\vendor\symfony\symfony\src\Symfony\Component\DependencyInjection\Compiler\CheckReferenceValidityPass.php:37
Stack trace:
#0 C:\xampp\htdocs\www\sf\vendor\symfony\symfony\src\Symfony\Component\DependencyInjection\Compiler\AbstractRecursivePass.php(60): Symfony\Component\DependencyInjection\Compiler\CheckReferenceValidityPass->processValue(Object(Symfony\Component\DependencyInjection\Reference), false)
#1 C:\xampp\htdocs\www\sf\vendor\symfony\symfony\src\Symfony\Component\DependencyInjection\Compiler\CheckReferenceValidityPass.php(46): Symfony\Component\DependencyInjection\Compiler\AbstractRecursivePass->processValue(Array, false)
#2 C:\xampp\htdocs\www\sf\vendor\symfony\symfony\src\Symfony\Component\DependencyInjection\Compiler\AbstractRe in C:\xampp\htdocs\www\sf\vendor\symfony\symfony\src\Symfony\Component\DependencyInjection\Compiler\CheckReferenceValidityPass.php on line 37
[04-Jun-2018 15:50:42 UTC] PHP Fatal error:  Uncaught Symfony\Component\DependencyInjection\Exception\RuntimeException: The definition "azure.oauth2.factory.access_token" has a reference to an abstract definition "cache.adapter.doctrine". Abstract definitions cannot be the target of references. in C:\xampp\htdocs\www\sf\vendor\symfony\symfony\src\Symfony\Component\DependencyInjection\Compiler\CheckReferenceValidityPass.php:37
Stack trace:
#0 C:\xampp\htdocs\www\sf\vendor\symfony\symfony\src\Symfony\Component\DependencyInjection\Compiler\AbstractRecursivePass.php(60): Symfony\Component\DependencyInjection\Compiler\CheckReferenceValidityPass->processValue(Object(Symfony\Component\DependencyInjection\Reference), false)
#1 C:\xampp\htdocs\www\sf\vendor\symfony\symfony\src\Symfony\Component\DependencyInjection\Compiler\CheckReferenceValidityPass.php(46): Symfony\Component\DependencyInjection\Compiler\AbstractRecursivePass->processValue(Array, false)
#2 C:\xampp\htdocs\www\sf\vendor\symfony\symfony\src\Symfony\Component\DependencyInjection\Compiler\AbstractRe in C:\xampp\htdocs\www\sf\vendor\symfony\symfony\src\Symfony\Component\DependencyInjection\Compiler\CheckReferenceValidityPass.php on line 37


[04-Jun-2018 15:53:22 UTC] PHP Fatal error:  Uncaught Symfony\Component\DependencyInjection\Exception\RuntimeException: The definition "azure.oauth2.factory.access_token" has a reference to an abstract definition "cache.adapter.filesystem". Abstract definitions cannot be the target of references. in C:\xampp\htdocs\www\sf\vendor\symfony\symfony\src\Symfony\Component\DependencyInjection\Compiler\CheckReferenceValidityPass.php:37
Stack trace:
#0 C:\xampp\htdocs\www\sf\vendor\symfony\symfony\src\Symfony\Component\DependencyInjection\Compiler\AbstractRecursivePass.php(60): Symfony\Component\DependencyInjection\Compiler\CheckReferenceValidityPass->processValue(Object(Symfony\Component\DependencyInjection\Reference), false)
#1 C:\xampp\htdocs\www\sf\vendor\symfony\symfony\src\Symfony\Component\DependencyInjection\Compiler\CheckReferenceValidityPass.php(46): Symfony\Component\DependencyInjection\Compiler\AbstractRecursivePass->processValue(Array, false)
#2 C:\xampp\htdocs\www\sf\vendor\symfony\symfony\src\Symfony\Component\DependencyInjection\Compiler\Abstract in C:\xampp\htdocs\www\sf\vendor\symfony\symfony\src\Symfony\Component\DependencyInjection\Compiler\CheckReferenceValidityPass.php on line 37
[06-Jun-2018 14:53:06 UTC] PHP Notice:  Constant DB_NAME already defined in C:\xampp\htdocs\www\wp-config-db.php on line 22
[06-Jun-2018 14:53:06 UTC] PHP Notice:  Constant DB_USER already defined in C:\xampp\htdocs\www\wp-config-db.php on line 25
[06-Jun-2018 14:53:06 UTC] PHP Notice:  Constant DB_PASSWORD already defined in C:\xampp\htdocs\www\wp-config-db.php on line 28
[06-Jun-2018 14:53:06 UTC] PHP Notice:  Constant DB_HOST already defined in C:\xampp\htdocs\www\wp-config-db.php on line 31
[06-Jun-2018 14:53:06 UTC] PHP Notice:  Constant DB_CHARSET already defined in C:\xampp\htdocs\www\wp-config-db.php on line 34
[06-Jun-2018 14:53:06 UTC] PHP Notice:  Constant DB_COLLATE already defined in C:\xampp\htdocs\www\wp-config-db.php on line 37
